[03:47:51.588][INFO]: CoT: Successfully identified and loaded ContentTweaker plugin contenttweaker:vanilla
[03:47:51.591][INFO]: CoT: Successfully identified and loaded ContentTweaker plugin contenttweaker:forge
[03:47:51.633][INFO]: Successfully identified and loaded plugin contenttweaker:core
[03:47:51.637][INFO]: Successfully identified and loaded plugin jeitweaker:default
[03:47:51.650][INFO]: Successfully identified and loaded plugin crafttweaker:builtin
[03:47:51.653][INFO]: Successfully identified and loaded plugin crafttweaker:builtin_forge
[03:47:51.659][INFO]: Successfully identified and loaded plugin immersiveengineering:ct_module
[03:47:52.771][INFO]: The following mods have explicit CraftTweaker support through the default plugin:
[03:47:52.773][INFO]: - 'contenttweaker' at version '1.0.0+13'
[03:47:52.773][INFO]: - 'crafttweaker' at version '9.1.211'
[03:47:52.774][INFO]: - 'createtweaker' at version '2.0.0.20'
[03:47:52.774][INFO]: - 'farmersdelight' at version '1.18.2-1.2.3'
[03:47:52.774][INFO]: - 'immersiveengineering' at version '1.18.2-8.4.0-161'
[03:47:52.775][INFO]: - 'immersivepetroleum' at version '4.2.0-25'
[03:47:52.775][INFO]: - 'jeitweaker' at version '3.0.0.9'
[03:47:53.365][INFO]: Started loading scripts for loader 'contenttweaker'
[03:47:53.873][INFO]: Compiling and executing scripts
[03:47:54.019][INFO]: Successfully initialized modules [crafttweaker, contenttweaker, expansions]
[03:47:54.157][INFO]: Execution for loader 'contenttweaker' completed successfully
[03:48:04.603][INFO]: Started loading scripts for loader 'initialize'
[03:48:04.657][INFO]: Compiling and executing scripts
[03:48:04.659][INFO]: Successfully initialized modules [crafttweaker, expansions]
[03:48:04.673][INFO]: Execution for loader 'initialize' completed successfully
[03:48:13.133][WARN]: Two subcommands with the same ID soundevents found for dump: this it not a critical error
[03:48:13.134][WARN]: Two subcommands with the same ID materials found for dump: this it not a critical error
[03:48:16.049][INFO]: Started loading scripts for loader 'tags'
[03:48:16.083][INFO]: Compiling and executing scripts
[03:48:16.092][INFO]: Successfully initialized modules [crafttweaker, expansions]
[03:48:16.105][INFO]: Execution for loader 'tags' completed successfully
[03:48:19.168][INFO]: Started loading scripts for loader 'crafttweaker'
[03:48:19.199][INFO]: Compiling and executing scripts
[03:48:19.701][INFO]: Successfully initialized modules [mods, crafttweaker, expansions]
[03:48:19.713][INFO]: Execution for loader 'crafttweaker' completed successfully
