[21:17:13] [ServerMain/INFO]: Environment: authHost='https://authserver.mojang.com', accountsHost='https://api.mojang.com', sessionHost='https://sessionserver.mojang.com', servicesHost='https://api.minecraftservices.com', name='PROD'
[21:17:15] [ServerMain/INFO]: Loaded 7 recipes
[21:17:15] [Server thread/INFO]: Starting minecraft server version 1.20.1
[21:17:15] [Server thread/INFO]: Loading properties
[21:17:16] [Server thread/INFO]: This server is running Paper version git-Paper-196 (MC: 1.20.1) (Implementing API version 1.20.1-R0.1-SNAPSHOT) (Git: 773dd72)
[21:17:16] [Server thread/INFO]: Server Ping Player Sample Count: 12
[21:17:16] [Server thread/INFO]: Using 4 threads for Netty based IO
[21:17:16] [Server thread/WARN]: [!] The timings profiler has been enabled but has been scheduled for removal from Paper in the future.
    We recommend installing the spark profiler as a replacement: https://spark.lucko.me/
    For more information please visit: https://github.com/PaperMC/Paper/issues/8948
[21:17:16] [Server thread/INFO]: [ChunkTaskScheduler] Chunk system is using 1 I/O threads, 1 worker threads, and gen parallelism of 1 threads
[21:17:16] [Server thread/INFO]: Default game type: SURVIVAL
[21:17:16] [Server thread/INFO]: Generating keypair
[21:17:17] [Server thread/INFO]: Starting Minecraft server on *:25565
[21:17:17] [Server thread/INFO]: Using epoll channel type
[21:17:17] [Server thread/INFO]: Paper: Using libdeflate (Linux x86_64) compression from Velocity.
[21:17:17] [Server thread/INFO]: Paper: Using OpenSSL 3.0.x (Linux x86_64) cipher from Velocity.
[21:17:17] [Server thread/ERROR]: [ModernPluginLoadingStrategy] Could not load plugin 'worldedit-bukkit-7.3.1.jar' in folder 'plugins'
org.bukkit.plugin.InvalidPluginException: java.lang.UnsupportedClassVersionError: com/sk89q/worldedit/bukkit/WorldEditPlugin has been compiled by a more recent version of the Java Runtime (class file version 65.0), this version of the Java Runtime only recognizes class file versions up to 61.0
	at io.papermc.paper.plugin.provider.type.spigot.SpigotPluginProvider.createInstance(SpigotPluginProvider.java:127) ~[paper-1.20.1.jar:git-Paper-196]
	at io.papermc.paper.plugin.provider.type.spigot.SpigotPluginProvider.createInstance(SpigotPluginProvider.java:35) ~[paper-1.20.1.jar:git-Paper-196]
	at io.papermc.paper.plugin.entrypoint.strategy.modern.ModernPluginLoadingStrategy.loadProviders(ModernPluginLoadingStrategy.java:116) ~[paper-1.20.1.jar:git-Paper-196]
	at io.papermc.paper.plugin.storage.SimpleProviderStorage.enter(SimpleProviderStorage.java:39) ~[paper-1.20.1.jar:git-Paper-196]
	at io.papermc.paper.plugin.entrypoint.LaunchEntryPointHandler.enter(LaunchEntryPointHandler.java:36) ~[paper-1.20.1.jar:git-Paper-196]
	at org.bukkit.craftbukkit.v1_20_R1.CraftServer.loadPlugins(CraftServer.java:510) ~[paper-1.20.1.jar:git-Paper-196]
	at net.minecraft.server.dedicated.DedicatedServer.initServer(DedicatedServer.java:273) ~[paper-1.20.1.jar:git-Paper-196]
	at net.minecraft.server.MinecraftServer.runServer(MinecraftServer.java:1100) ~[paper-1.20.1.jar:git-Paper-196]
	at net.minecraft.server.MinecraftServer.lambda$spin$0(MinecraftServer.java:317) ~[paper-1.20.1.jar:git-Paper-196]
	at java.lang.Thread.run(Thread.java:840) ~[?:?]
Caused by: java.lang.UnsupportedClassVersionError: com/sk89q/worldedit/bukkit/WorldEditPlugin has been compiled by a more recent version of the Java Runtime (class file version 65.0), this version of the Java Runtime only recognizes class file versions up to 61.0
	at java.lang.ClassLoader.defineClass1(Native Method) ~[?:?]
	at java.lang.ClassLoader.defineClass(ClassLoader.java:1017) ~[?:?]
	at java.security.SecureClassLoader.defineClass(SecureClassLoader.java:150) ~[?:?]
	at org.bukkit.plugin.java.PluginClassLoader.findClass(PluginClassLoader.java:229) ~[paper-api-1.20.1-R0.1-SNAPSHOT.jar:?]
	at java.lang.ClassLoader.loadClass(ClassLoader.java:592) ~[?:?]
	at org.bukkit.plugin.java.PluginClassLoader.loadClass0(PluginClassLoader.java:155) ~[paper-api-1.20.1-R0.1-SNAPSHOT.jar:?]
	at org.bukkit.plugin.java.PluginClassLoader.loadClass(PluginClassLoader.java:150) ~[paper-api-1.20.1-R0.1-SNAPSHOT.jar:?]
	at java.lang.ClassLoader.loadClass(ClassLoader.java:525) ~[?:?]
	at java.lang.Class.forName0(Native Method) ~[?:?]
	at java.lang.Class.forName(Class.java:467) ~[?:?]
	at org.bukkit.plugin.java.PluginClassLoader.<init>(PluginClassLoader.java:76) ~[paper-api-1.20.1-R0.1-SNAPSHOT.jar:?]
	at io.papermc.paper.plugin.provider.type.spigot.SpigotPluginProvider.createInstance(SpigotPluginProvider.java:123) ~[paper-1.20.1.jar:git-Paper-196]
	... 9 more
[21:17:17] [Server thread/INFO]: [Permadeath] Loading server plugin Permadeath v1.3
[21:17:17] [Server thread/INFO]: Server permissions file permissions.yml is empty, ignoring it
[21:17:17] [Server thread/INFO]: [Permadeath] Enabling Permadeath v1.3
[21:17:17] [Server thread/WARN]: **** SERVER IS RUNNING IN OFFLINE/INSECURE MODE!
[21:17:17] [Server thread/WARN]: The server will make no attempt to authenticate usernames. Beware.
[21:17:17] [Server thread/WARN]: While this makes the game possible to play without internet access, it also opens up the ability for hackers to connect with any username they choose.
[21:17:17] [Server thread/WARN]: To change this, set "online-mode" to "true" in the server.properties file.
[21:17:17] [Server thread/INFO]: Preparing level "world"
[21:17:17] [Server thread/INFO]: Preparing start region for dimension minecraft:overworld
[21:17:18] [Server thread/INFO]: Time elapsed: 290 ms
[21:17:18] [Server thread/INFO]: Preparing start region for dimension minecraft:the_nether
[21:17:18] [Server thread/INFO]: Time elapsed: 104 ms
[21:17:18] [Server thread/INFO]: Preparing start region for dimension minecraft:the_end
[21:17:18] [Server thread/INFO]: Time elapsed: 68 ms
[21:17:18] [Server thread/INFO]: Running delayed init tasks
[21:17:18] [Server thread/INFO]: Permadeath ➤ No se ha encontrado una librería JDA, deberás instalar una en caso de querer utilizar un bot de Discord.
[21:17:18] [Server thread/INFO]: Descarga aquí: https://www.spigotmc.org/resources/permadeath-%E2%98%A0%EF%B8%8F.112343/
[21:17:18] [Server thread/INFO]: Si no puedes descargarlo allí, únete a este Discord y te daremos acceso al enlace: https://discord.gg/8evPbuxPke
[21:17:18] [Server thread/INFO]: ------------------------------------------
[21:17:18] [Server thread/INFO]:              PERMADEATH
[21:17:18] [Server thread/INFO]:      - Versión: 1.3
[21:17:18] [Server thread/INFO]:      - Versión del Servidor: v1.20
[21:17:18] [Server thread/INFO]: ------------------------------------------
[21:17:18] [Server thread/INFO]:  >> INFORME DE ESTADO
[21:17:18] [Server thread/INFO]: > Estado de mundos: Overworld: world End: world_the_end
[21:17:18] [Server thread/INFO]:     > End: world_the_end
[21:17:18] [Server thread/INFO]:     > Overworld: world
[21:17:18] [Server thread/INFO]: > Estado de Compatibilidad: Compatible
[21:17:18] [Server thread/INFO]: > Software: PaperMC (Compatible)
[21:17:18] [Server thread/INFO]: > Cambios:
[21:17:18] [Server thread/INFO]: >   Días disponibles: 1-60
[21:17:18] [Server thread/INFO]: > ADVERTENCIA: No se ha encontrado el plugin World Edit
[21:17:18] [Server thread/INFO]: > Algunas funciones pueden no funcionar correctamente. Ten en cuenta que las estructuras de The Beginning no podrán ser generadas en días avanzados.
[21:17:18] [Server thread/INFO]: Done (2.771s)! For help, type "help"
[21:17:18] [Server thread/INFO]: Timings Reset
[21:17:19] [Craft Scheduler Thread - 3 - Permadeath/INFO]: Permadeath ➤ Versión del plugin: Versión más reciente instalada.
[21:17:26] [User Authenticator #0/INFO]: UUID of player Niconi1451 is 687abf1a-64e4-30e6-be91-8f8b72cd043a
[21:17:26] [Server thread/INFO]: Niconi1451 se ha unido al servidor.
[21:17:26] [Server thread/INFO]: Niconi1451[/127.176.155.120:44785] logged in with entity id 156 at ([world]76.49070706446103, 110.0, -177.70475342421963)
[21:18:17] [Server thread/INFO]: Niconi1451 lost connection: Disconnected
[21:18:17] [Server thread/INFO]: Niconi1451 ha abandonado el servidor.
